<?xml version="1.0" encoding="UTF-8"?>
<testng-results ignored="0" total="1" passed="1" failed="0" skipped="0">
  <reporter-output>
  </reporter-output>
  <suite started-at="2025-02-01T09:07:39 CST" name="ShoppingSuite" finished-at="2025-02-01T09:07:51 CST" duration-ms="11784">
    <groups>
    </groups>
    <test started-at="2025-02-01T09:07:39 CST" name="LoginTest" finished-at="2025-02-01T09:07:51 CST" duration-ms="11784">
      <class name="myPackage.tests.LoginTest">
        <test-method is-config="true" signature="setup()[pri:0, instance:myPackage.tests.LoginTest@2d901eb0]" started-at="2025-02-01T09:07:39 CST" name="setup" finished-at="2025-02-01T09:07:46 CST" duration-ms="6358" status="PASS">
          <reporter-output>
          </reporter-output>
        </test-method> <!-- setup -->
        <test-method signature="testInvalidLogin()[pri:0, instance:myPackage.tests.LoginTest@2d901eb0]" started-at="2025-02-01T09:07:46 CST" name="testInvalidLogin" finished-at="2025-02-01T09:07:48 CST" duration-ms="2182" status="PASS">
          <reporter-output>
          </reporter-output>
        </test-method> <!-- testInvalidLogin -->
        <test-method is-config="true" signature="captureScreenshotForAllTests(org.testng.ITestResult)[pri:0, instance:myPackage.tests.LoginTest@2d901eb0]" started-at="2025-02-01T09:07:48 CST" name="captureScreenshotForAllTests" finished-at="2025-02-01T09:07:50 CST" duration-ms="2212" status="PASS">
          <params>
            <param index="0">
              <value>
                <![CDATA[[TestResult name=testInvalidLogin status=SUCCESS method=LoginTest.testInvalidLogin()[pri:0, instance:myPackage.tests.LoginTest@2d901eb0] output={null}]]]>
              </value>
            </param>
          </params>
          <reporter-output>
          </reporter-output>
        </test-method> <!-- captureScreenshotForAllTests -->
        <test-method is-config="true" signature="teardown()[pri:0, instance:myPackage.tests.LoginTest@2d901eb0]" started-at="2025-02-01T09:07:50 CST" name="teardown" finished-at="2025-02-01T09:07:51 CST" duration-ms="980" status="PASS">
          <reporter-output>
          </reporter-output>
        </test-method> <!-- teardown -->
      </class> <!-- myPackage.tests.LoginTest -->
    </test> <!-- LoginTest -->
  </suite> <!-- ShoppingSuite -->
</testng-results>
